<?xml version="1.0" encoding="UTF-8"?>
<!-- Generated by org.testng.reporters.JUnitReportReporter -->
<testsuite hostname="LAPTOP-PCH7QRAD" name="com.hrms.testscripts.TC001" tests="1" failures="0" timestamp="25 Feb 2021 05:18:31 GMT" time="10.269" errors="0">
  <testcase name="login" time="10.269" classname="com.hrms.testscripts.TC001"/>
</testsuite> <!-- com.hrms.testscripts.TC001 -->
