<?xml version="1.0" encoding="UTF-8"?>
<!-- Generated by org.testng.reporters.JUnitReportReporter -->
<testsuite hostname="LAPTOP-PCH7QRAD" name="com.hrms.testscripts.TC002" tests="1" failures="0" timestamp="25 Feb 2021 04:22:54 GMT" time="16.943" errors="0">
  <testcase name="login" time="16.943" classname="com.hrms.testscripts.TC002"/>
</testsuite> <!-- com.hrms.testscripts.TC002 -->
